<?xml version="1.0" encoding="UTF-8"?>
<!-- Generated by org.testng.reporters.JUnitXMLReporter -->
<testsuite ignored="4" hostname="DESKTOP-L6T8544" failures="0" tests="2" name="Test2" time="94.215" errors="0" timestamp="2025-03-10T14:35:15 IST">
  <testcase classname="com.comcast.crm.generic.contacttest.CreateContactTest" name="createContactTest" time="34.395"/>
  <testcase classname="com.comcast.crm.generic.orgtest.CreateOrgnizationTest" name="createOrgnizationTest" time="32.652"/>
  <testcase classname="com.comcast.crm.basetest.BaseCLass" name="@BeforeTest configBT" time="0.0">
    <ignored/>
  </testcase> <!-- @BeforeTest configBT -->
  <testcase classname="com.comcast.crm.basetest.BaseCLass" name="@AfterSuite configAS" time="0.0">
    <ignored/>
  </testcase> <!-- @AfterSuite configAS -->
  <testcase classname="com.comcast.crm.basetest.BaseCLass" name="@BeforeSuite configBS" time="0.0">
    <ignored/>
  </testcase> <!-- @BeforeSuite configBS -->
  <testcase classname="com.comcast.crm.basetest.BaseCLass" name="@AfterTest configAT" time="0.0">
    <ignored/>
  </testcase> <!-- @AfterTest configAT -->
</testsuite> <!-- Test2 -->
