<?xml version="1.0" encoding="UTF-8"?>
<!-- Generated by org.testng.reporters.JUnitXMLReporter -->
<testsuite ignored="4" hostname="DESKTOP-L6T8544" failures="0" tests="2" name="Test1-firefox" time="87.015" errors="0" timestamp="2025-03-10T11:42:20 IST">
  <testcase classname="com.comcast.crm.generic.contacttest.CreateContactTest" name="createContactTest" time="23.595"/>
  <testcase classname="com.comcast.crm.generic.orgtest.CreateOrgnizationTest" name="createOrgnizationTest" time="28.598"/>
  <testcase classname="com.comcast.crm.basetest.BaseCLass" name="@BeforeTest configBT" time="0.0">
    <ignored/>
  </testcase> <!-- @BeforeTest configBT -->
  <testcase classname="com.comcast.crm.basetest.BaseCLass" name="@AfterSuite configAS" time="0.0">
    <ignored/>
  </testcase> <!-- @AfterSuite configAS -->
  <testcase classname="com.comcast.crm.basetest.BaseCLass" name="@AfterTest configAT" time="0.0">
    <ignored/>
  </testcase> <!-- @AfterTest configAT -->
  <testcase classname="com.comcast.crm.basetest.BaseCLass" name="@BeforeSuite configBS" time="0.0">
    <ignored/>
  </testcase> <!-- @BeforeSuite configBS -->
</testsuite> <!-- Test1-firefox -->
