<?xml version="1.0" encoding="UTF-8"?>
<testng-results ignored="0" total="1" passed="1" failed="0" skipped="0">
  <reporter-output>
    <line>
      <![CDATA[===connect to DB, Report configuration===]]>
    </line>
    <line>
      <![CDATA[Pre-condition]]>
    </line>
    <line>
      <![CDATA[Post-condition]]>
    </line>
    <line>
      <![CDATA[Closed the database connection, report back up]]>
    </line>
  </reporter-output>
  <suite started-at="2025-03-17T09:37:21 IST" name="Suite" finished-at="2025-03-17T09:38:39 IST" duration-ms="78541">
    <groups>
      <group name="smokeTest">
        <method signature="CreateOrgnizationTest.createOrgnizationTest()[pri:0, instance:com.comcast.crm.generic.orgtest.CreateOrgnizationTest@298a5e20]" name="createOrgnizationTest" class="com.comcast.crm.generic.orgtest.CreateOrgnizationTest"/>
      </group> <!-- smokeTest -->
    </groups>
    <test started-at="2025-03-17T09:37:21 IST" name="Test" finished-at="2025-03-17T09:38:39 IST" duration-ms="78541">
      <class name="com.comcast.crm.generic.orgtest.CreateOrgnizationTest">
        <test-method is-config="true" signature="configBS()[pri:0, instance:com.comcast.crm.generic.orgtest.CreateOrgnizationTest@298a5e20]" started-at="2025-03-17T09:37:21 IST" name="configBS" finished-at="2025-03-17T09:37:21 IST" duration-ms="14" status="PASS">
          <reporter-output>
            <line>
              <![CDATA[===connect to DB, Report configuration===]]>
            </line>
          </reporter-output>
        </test-method> <!-- configBS -->
        <test-method is-config="true" signature="configBT()[pri:0, instance:com.comcast.crm.generic.orgtest.CreateOrgnizationTest@298a5e20]" started-at="2025-03-17T09:37:21 IST" name="configBT" finished-at="2025-03-17T09:37:21 IST" duration-ms="1" status="PASS">
          <reporter-output>
            <line>
              <![CDATA[Pre-condition]]>
            </line>
          </reporter-output>
        </test-method> <!-- configBT -->
        <test-method is-config="true" signature="configBC()[pri:0, instance:com.comcast.crm.generic.orgtest.CreateOrgnizationTest@298a5e20]" started-at="2025-03-17T09:37:21 IST" name="configBC" finished-at="2025-03-17T09:37:27 IST" duration-ms="5990" status="PASS">
          <reporter-output>
          </reporter-output>
        </test-method> <!-- configBC -->
        <test-method is-config="true" signature="configBM()[pri:0, instance:com.comcast.crm.generic.orgtest.CreateOrgnizationTest@298a5e20]" started-at="2025-03-17T09:37:27 IST" name="configBM" finished-at="2025-03-17T09:37:54 IST" duration-ms="27084" status="PASS">
          <reporter-output>
          </reporter-output>
        </test-method> <!-- configBM -->
        <test-method signature="createOrgnizationTest()[pri:0, instance:com.comcast.crm.generic.orgtest.CreateOrgnizationTest@298a5e20]" started-at="2025-03-17T09:37:54 IST" name="createOrgnizationTest" finished-at="2025-03-17T09:38:36 IST" duration-ms="42330" status="PASS">
          <reporter-output>
          </reporter-output>
        </test-method> <!-- createOrgnizationTest -->
        <test-method is-config="true" signature="configAM()[pri:0, instance:com.comcast.crm.generic.orgtest.CreateOrgnizationTest@298a5e20]" started-at="2025-03-17T09:38:36 IST" name="configAM" finished-at="2025-03-17T09:38:39 IST" duration-ms="2671" status="PASS">
          <reporter-output>
          </reporter-output>
        </test-method> <!-- configAM -->
        <test-method is-config="true" signature="configAC()[pri:0, instance:com.comcast.crm.generic.orgtest.CreateOrgnizationTest@298a5e20]" started-at="2025-03-17T09:38:39 IST" name="configAC" finished-at="2025-03-17T09:38:39 IST" duration-ms="389" status="PASS">
          <reporter-output>
          </reporter-output>
        </test-method> <!-- configAC -->
        <test-method is-config="true" signature="configAT()[pri:0, instance:com.comcast.crm.generic.orgtest.CreateOrgnizationTest@298a5e20]" started-at="2025-03-17T09:38:39 IST" name="configAT" finished-at="2025-03-17T09:38:39 IST" duration-ms="1" status="PASS">
          <reporter-output>
            <line>
              <![CDATA[Post-condition]]>
            </line>
          </reporter-output>
        </test-method> <!-- configAT -->
        <test-method is-config="true" signature="configAS()[pri:0, instance:com.comcast.crm.generic.orgtest.CreateOrgnizationTest@298a5e20]" started-at="2025-03-17T09:38:39 IST" name="configAS" finished-at="2025-03-17T09:38:39 IST" duration-ms="2" status="PASS">
          <reporter-output>
            <line>
              <![CDATA[Closed the database connection, report back up]]>
            </line>
          </reporter-output>
        </test-method> <!-- configAS -->
      </class> <!-- com.comcast.crm.generic.orgtest.CreateOrgnizationTest -->
    </test> <!-- Test -->
  </suite> <!-- Suite -->
</testng-results>
